Using pre-set license
Built from '2020.3/staging' branch; Version is '2020.3.41f1 (7c19dc9acfda) revision 8133084'; Using compiler version '192528614'; Build Type 'Release'
OS: 'Windows 10  (10.0.19043) 64bit Core' Language: 'ko' Physical Memory: 8079 MB
BatchMode: 1, IsHumanControllingUs: 0, StartBugReporterOnCrash: 0, Is64bit: 1, IsPro: 0

COMMAND LINE ARGUMENTS:
C:\Program Files\Unity\Hub\Editor\2020.3.41f1\Editor\Unity.exe
-adb2
-batchMode
-noUpm
-name
AssetImportWorker0
-projectPath
C:/unityProjects/3D_Ex
-logFile
Logs/AssetImportWorker0.log
-srvPort
60982
Successfully changed project path to: C:/unityProjects/3D_Ex
C:/unityProjects/3D_Ex
Using Asset Import Pipeline V2.
Refreshing native plugins compatible for Editor in 255.79 ms, found 2 plugins.
Preloading 0 native plugins for Editor in 0.00 ms.
Initialize engine version: 2020.3.41f1 (7c19dc9acfda)
[Subsystems] Discovering subsystems at path C:/Program Files/Unity/Hub/Editor/2020.3.41f1/Editor/Data/Resources/UnitySubsystems
[Subsystems] Discovering subsystems at path C:/unityProjects/3D_Ex/Assets
GfxDevice: creating device client; threaded=0
Direct3D:
    Version:  Direct3D 11.0 [level 11.1]
    Renderer: NVIDIA GeForce MX150 (ID=0x1d10)
    Vendor:   
    VRAM:     1983 MB
    Driver:   30.0.15.1278
Initialize mono
Mono path[0] = 'C:/Program Files/Unity/Hub/Editor/2020.3.41f1/Editor/Data/Managed'
Mono path[1] = 'C:/Program Files/Unity/Hub/Editor/2020.3.41f1/Editor/Data/MonoBleedingEdge/lib/mono/unityjit'
Mono config path = 'C:/Program Files/Unity/Hub/Editor/2020.3.41f1/Editor/Data/MonoBleedingEdge/etc'
Using monoOptions --debugger-agent=transport=dt_socket,embedding=1,server=y,suspend=n,address=127.0.0.1:56192
Begin MonoManager ReloadAssembly
Registering precompiled unity dll's ...
Register platform support module: C:/Program Files/Unity/Hub/Editor/2020.3.41f1/Editor/Data/PlaybackEngines/WindowsStandaloneSupport/UnityEditor.WindowsStandalone.Extensions.dll
Registered in 0.066624 seconds.
Native extension for WindowsStandalone target not found
Refreshing native plugins compatible for Editor in 90.33 ms, found 2 plugins.
Preloading 0 native plugins for Editor in 0.00 ms.
Mono: successfully reloaded assembly
- Completed reload, in  2.810 seconds
Domain Reload Profiling:
	ReloadAssembly (2810ms)
		BeginReloadAssembly (1210ms)
			ExecutionOrderSort (0ms)
			DisableScriptedObjects (0ms)
			BackupInstance (0ms)
			ReleaseScriptingObjects (0ms)
			CreateAndSetChildDomain (2ms)
		EndReloadAssembly (1007ms)
			LoadAssemblies (1187ms)
			RebuildTransferFunctionScriptingTraits (0ms)
			SetupTypeCache (421ms)
			ReleaseScriptCaches (0ms)
			RebuildScriptCaches (42ms)
			SetupLoadedEditorAssemblies (282ms)
				LogAssemblyErrors (0ms)
				InitializePlatformSupportModulesInManaged (7ms)
				SetLoadedEditorAssemblies (0ms)
				RefreshPlugins (90ms)
				BeforeProcessingInitializeOnLoad (20ms)
				ProcessInitializeOnLoadAttributes (121ms)
				ProcessInitializeOnLoadMethodAttributes (43ms)
				AfterProcessingInitializeOnLoad (0ms)
				EditorAssembliesLoaded (0ms)
			ExecutionOrderSort2 (0ms)
			AwakeInstancesAfterBackupRestoration (0ms)
Platform modules already initialized, skipping
Registering precompiled user dll's ...
Registered in 0.063994 seconds.
Begin MonoManager ReloadAssembly
Native extension for WindowsStandalone target not found
Refreshing native plugins compatible for Editor in 0.84 ms, found 2 plugins.
Preloading 0 native plugins for Editor in 0.00 ms.
Mono: successfully reloaded assembly
- Completed reload, in  1.918 seconds
Domain Reload Profiling:
	ReloadAssembly (1920ms)
		BeginReloadAssembly (283ms)
			ExecutionOrderSort (0ms)
			DisableScriptedObjects (6ms)
			BackupInstance (0ms)
			ReleaseScriptingObjects (0ms)
			CreateAndSetChildDomain (28ms)
		EndReloadAssembly (1534ms)
			LoadAssemblies (249ms)
			RebuildTransferFunctionScriptingTraits (0ms)
			SetupTypeCache (473ms)
			ReleaseScriptCaches (1ms)
			RebuildScriptCaches (81ms)
			SetupLoadedEditorAssemblies (630ms)
				LogAssemblyErrors (0ms)
				InitializePlatformSupportModulesInManaged (11ms)
				SetLoadedEditorAssemblies (1ms)
				RefreshPlugins (1ms)
				BeforeProcessingInitializeOnLoad (216ms)
				ProcessInitializeOnLoadAttributes (342ms)
				ProcessInitializeOnLoadMethodAttributes (34ms)
				AfterProcessingInitializeOnLoad (25ms)
				EditorAssembliesLoaded (0ms)
			ExecutionOrderSort2 (0ms)
			AwakeInstancesAfterBackupRestoration (3ms)
Platform modules already initialized, skipping
========================================================================
Worker process is ready to serve import requests
Launched and connected shader compiler UnityShaderCompiler.exe after 0.12 seconds
Refreshing native plugins compatible for Editor in 1.06 ms, found 2 plugins.
Preloading 0 native plugins for Editor in 0.00 ms.
Unloading 2039 Unused Serialized files (Serialized files now loaded: 0)
System memory in use before: 167.2 MB.
System memory in use after: 167.3 MB.

Unloading 42 unused Assets to reduce memory usage. Loaded Objects now: 2471.
Total: 8.150500 ms (FindLiveObjects: 0.414800 ms CreateObjectMapping: 0.176400 ms MarkObjects: 7.347300 ms  DeleteObjects: 0.205100 ms)

AssetImportParameters requested are different than current active one (requested -> active):
  custom:framework-win-MediaFoundation: 216162199b28c13a410421893ffa2e32 -> 
  custom:video-decoder-ogg-theora: a1e56fd34408186e4bbccfd4996cb3dc -> 
  custom:container-muxer-webm: aa71ff27fc2769a1b78a27578f13a17b -> 
  custom:container-demuxer-webm: 4f35f7cbe854078d1ac9338744f61a02 -> 
  custom:container-demuxer-ogg: 62fdf1f143b41e24485cea50d1cbac27 -> 
  custom:video-encoder-webm-vp8: eb34c28f22e8b96e1ab97ce403110664 -> 
  custom:video-decoder-webm-vp8: 9c59270c3fd7afecdb556c50c9e8de78 -> 
  custom:audio-decoder-ogg-vorbis: bf7c407c2cedff20999df2af8eb42d56 -> 
  custom:audio-encoder-webm-vorbis: bf7c407c2cedff20999df2af8eb42d56 -> 
========================================================================
Received Import Request.
  path: Packages/com.unity.postprocessing/PostProcessing/Shaders/API/XboxOne.hlsl
  artifactKey: Guid(cd7292cede5bbe44cb888e1e40efac1e) Importer(815301076,1909f56bfc062723c751e8b465ee728b)
Start importing Packages/com.unity.postprocessing/PostProcessing/Shaders/API/XboxOne.hlsl using Guid(cd7292cede5bbe44cb888e1e40efac1e) Importer(815301076,1909f56bfc062723c751e8b465ee728b)  -> (artifact id: '710171b62ac32e25ac6d2af94739d17d') in 0.212232 seconds 
========================================================================
Received Import Request.
  Time since last request: 0.000811 seconds.
  path: Packages/com.unity.postprocessing/PostProcessing/Shaders/Builtins/MultiScaleVODownsample1.compute
  artifactKey: Guid(4c63bc487e6c29a4a99f85a6c47b292b) Importer(815301076,1909f56bfc062723c751e8b465ee728b)
Start importing Packages/com.unity.postprocessing/PostProcessing/Shaders/Builtins/MultiScaleVODownsample1.compute using Guid(4c63bc487e6c29a4a99f85a6c47b292b) Importer(815301076,1909f56bfc062723c751e8b465ee728b)  -> (artifact id: '77b69b5566d721bcd6d902e44cf3b799') in 0.048526 seconds 
========================================================================
Received Import Request.
  Time since last request: 0.000632 seconds.
  path: Packages/com.unity.postprocessing/PostProcessing/Shaders/Builtins/GaussianDownsample.compute
  artifactKey: Guid(6dba4103d23a7904fbc49099355aff3e) Importer(815301076,1909f56bfc062723c751e8b465ee728b)
Start importing Packages/com.unity.postprocessing/PostProcessing/Shaders/Builtins/GaussianDownsample.compute using Guid(6dba4103d23a7904fbc49099355aff3e) Importer(815301076,1909f56bfc062723c751e8b465ee728b)  -> (artifact id: 'c94f9dc80291db4fc279811920fa6d41') in 0.029113 seconds 
========================================================================
Received Import Request.
  Time since last request: 0.000574 seconds.
  path: Packages/com.unity.postprocessing/PostProcessing/Shaders/API/D3D12.hlsl
  artifactKey: Guid(ed6416461734f3a4d97b2475252d5f6c) Importer(815301076,1909f56bfc062723c751e8b465ee728b)
Start importing Packages/com.unity.postprocessing/PostProcessing/Shaders/API/D3D12.hlsl using Guid(ed6416461734f3a4d97b2475252d5f6c) Importer(815301076,1909f56bfc062723c751e8b465ee728b)  -> (artifact id: 'bac01bd08dd212d6ff19cf6dba863e8a') in 0.017936 seconds 
========================================================================
Received Import Request.
  Time since last request: 0.000535 seconds.
  path: Packages/com.unity.postprocessing/PostProcessing/Shaders/Builtins/Texture3DLerp.compute
  artifactKey: Guid(31e9175024adfd44aba2530ff9b77494) Importer(815301076,1909f56bfc062723c751e8b465ee728b)
Start importing Packages/com.unity.postprocessing/PostProcessing/Shaders/Builtins/Texture3DLerp.compute using Guid(31e9175024adfd44aba2530ff9b77494) Importer(815301076,1909f56bfc062723c751e8b465ee728b)  -> (artifact id: '5ac84750ee53feb3ac2479230d01b1e8') in 0.026916 seconds 
========================================================================
Received Import Request.
  Time since last request: 0.001517 seconds.
  path: Packages/com.unity.postprocessing/PostProcessing/Shaders/Builtins/AutoExposure.compute
  artifactKey: Guid(34845e0ca016b7448842e965db5890a5) Importer(815301076,1909f56bfc062723c751e8b465ee728b)
Start importing Packages/com.unity.postprocessing/PostProcessing/Shaders/Builtins/AutoExposure.compute using Guid(34845e0ca016b7448842e965db5890a5) Importer(815301076,1909f56bfc062723c751e8b465ee728b)  -> (artifact id: '4c176928c665973748b1a4307bda80e7') in 0.020783 seconds 
========================================================================
Received Import Request.
  Time since last request: 0.000578 seconds.
  path: Packages/com.unity.postprocessing/PostProcessing/Shaders/API/PSP2.hlsl
  artifactKey: Guid(d916afaf5049bb24989e8e823280e99c) Importer(815301076,1909f56bfc062723c751e8b465ee728b)
Start importing Packages/com.unity.postprocessing/PostProcessing/Shaders/API/PSP2.hlsl using Guid(d916afaf5049bb24989e8e823280e99c) Importer(815301076,1909f56bfc062723c751e8b465ee728b)  -> (artifact id: 'c5fbb671d35310e4fe4118ded366a9c9') in 0.019641 seconds 
========================================================================
Received Import Request.
  Time since last request: 0.000605 seconds.
  path: Packages/com.unity.postprocessing/PostProcessing/Shaders/Builtins/MultiScaleVOUpsample.compute
  artifactKey: Guid(600d6212b59bb40409d19d750b5fd1e9) Importer(815301076,1909f56bfc062723c751e8b465ee728b)
Start importing Packages/com.unity.postprocessing/PostProcessing/Shaders/Builtins/MultiScaleVOUpsample.compute using Guid(600d6212b59bb40409d19d750b5fd1e9) Importer(815301076,1909f56bfc062723c751e8b465ee728b)  -> (artifact id: '343b1c7617d1e389eaddf0d6b1cb38c2') in 0.020399 seconds 
========================================================================
Received Import Request.
  Time since last request: 0.000475 seconds.
  path: Packages/com.unity.postprocessing/PostProcessing/Shaders/Builtins/Lut3DBaker.compute
  artifactKey: Guid(42496b74c071f5749950ca1abe33e945) Importer(815301076,1909f56bfc062723c751e8b465ee728b)
Start importing Packages/com.unity.postprocessing/PostProcessing/Shaders/Builtins/Lut3DBaker.compute using Guid(42496b74c071f5749950ca1abe33e945) Importer(815301076,1909f56bfc062723c751e8b465ee728b)  -> (artifact id: '7d90552a84654a29300979cc4719fcf9') in 0.020324 seconds 
========================================================================
Received Import Request.
  Time since last request: 0.000583 seconds.
  path: Packages/com.unity.postprocessing/PostProcessing/Shaders/API/Metal.hlsl
  artifactKey: Guid(38502e5cb7782364ba3db59850a9a8ad) Importer(815301076,1909f56bfc062723c751e8b465ee728b)
Start importing Packages/com.unity.postprocessing/PostProcessing/Shaders/API/Metal.hlsl using Guid(38502e5cb7782364ba3db59850a9a8ad) Importer(815301076,1909f56bfc062723c751e8b465ee728b)  -> (artifact id: '9fb46e53d4301b498a1758e05025847a') in 0.018371 seconds 
========================================================================
Received Import Request.
  Time since last request: 0.000793 seconds.
  path: Packages/com.unity.postprocessing/PostProcessing/Shaders/API/OpenGL.hlsl
  artifactKey: Guid(6a0c0086cde60e74e9ad1fce57eab9f1) Importer(815301076,1909f56bfc062723c751e8b465ee728b)
Start importing Packages/com.unity.postprocessing/PostProcessing/Shaders/API/OpenGL.hlsl using Guid(6a0c0086cde60e74e9ad1fce57eab9f1) Importer(815301076,1909f56bfc062723c751e8b465ee728b)  -> (artifact id: '2dda2bf7810946170db909c1f491423c') in 0.018076 seconds 
========================================================================
Received Import Request.
  Time since last request: 0.000500 seconds.
  path: Packages/com.unity.postprocessing/PostProcessing/Shaders/Builtins/MultiScaleVODownsample2.compute
  artifactKey: Guid(e4d3e4779e48a374f91d48d4c0aedb7b) Importer(815301076,1909f56bfc062723c751e8b465ee728b)
Start importing Packages/com.unity.postprocessing/PostProcessing/Shaders/Builtins/MultiScaleVODownsample2.compute using Guid(e4d3e4779e48a374f91d48d4c0aedb7b) Importer(815301076,1909f56bfc062723c751e8b465ee728b)  -> (artifact id: '6a9a367f13a6beba1ba17d02d6ae1492') in 0.018063 seconds 
========================================================================
Received Import Request.
  Time since last request: 0.000531 seconds.
  path: Packages/com.unity.postprocessing/PostProcessing/Shaders/Builtins/MultiScaleVORender.compute
  artifactKey: Guid(34a460e8a2e66c243a9c12024e5a798d) Importer(815301076,1909f56bfc062723c751e8b465ee728b)
Start importing Packages/com.unity.postprocessing/PostProcessing/Shaders/Builtins/MultiScaleVORender.compute using Guid(34a460e8a2e66c243a9c12024e5a798d) Importer(815301076,1909f56bfc062723c751e8b465ee728b)  -> (artifact id: 'e2e532ae6405d3b2ed83a7478b46e898') in 0.019817 seconds 
========================================================================
Received Import Request.
  Time since last request: 0.000486 seconds.
  path: Packages/com.unity.postprocessing/PostProcessing/Shaders/Builtins/ExposureHistogram.compute
  artifactKey: Guid(8c2fcbdf9bc58664f89917f7b9d79501) Importer(815301076,1909f56bfc062723c751e8b465ee728b)
Start importing Packages/com.unity.postprocessing/PostProcessing/Shaders/Builtins/ExposureHistogram.compute using Guid(8c2fcbdf9bc58664f89917f7b9d79501) Importer(815301076,1909f56bfc062723c751e8b465ee728b)  -> (artifact id: '7f308914d0e0762d5ddccbf5b4bb5223') in 0.019755 seconds 
========================================================================
Received Import Request.
  Time since last request: 0.463890 seconds.
  path: Packages/com.unity.postprocessing/PostProcessing/Shaders/API/Vulkan.hlsl
  artifactKey: Guid(4f2b019548c499944923c5da221047a6) Importer(815301076,1909f56bfc062723c751e8b465ee728b)
Start importing Packages/com.unity.postprocessing/PostProcessing/Shaders/API/Vulkan.hlsl using Guid(4f2b019548c499944923c5da221047a6) Importer(815301076,1909f56bfc062723c751e8b465ee728b)  -> (artifact id: '9b1f2e306f141a0aef0cc8303b0785c0') in 0.012774 seconds 
========================================================================
Received Import Request.
  Time since last request: 1580.009188 seconds.
  path: Assets/Prefabs/Gargoyle.prefab
  artifactKey: Guid(c658ee050e174674bbe9f1dad7a4da0c) Importer(815301076,1909f56bfc062723c751e8b465ee728b)
Start importing Assets/Prefabs/Gargoyle.prefab using Guid(c658ee050e174674bbe9f1dad7a4da0c) Importer(815301076,1909f56bfc062723c751e8b465ee728b)  -> (artifact id: '2f82ec7c06a39215e075be20a32bde46') in 0.279228 seconds 
========================================================================
Received Import Request.
  Time since last request: 3.811167 seconds.
  path: Assets/Prefabs/Ghost.prefab
  artifactKey: Guid(69b7139a4da61f2448b9b83a1fa9ed98) Importer(815301076,1909f56bfc062723c751e8b465ee728b)
Start importing Assets/Prefabs/Ghost.prefab using Guid(69b7139a4da61f2448b9b83a1fa9ed98) Importer(815301076,1909f56bfc062723c751e8b465ee728b)  -> (artifact id: 'f3b32a2a5e1a30a954ee24d2d9fb19b8') in 0.058378 seconds 
========================================================================
Received Import Request.
  Time since last request: 21.219688 seconds.
  path: Assets/Animation/Animators/Ghost.controller
  artifactKey: Guid(ce55e725f77dd3e4cb34fc55fcff990a) Importer(815301076,1909f56bfc062723c751e8b465ee728b)
Start importing Assets/Animation/Animators/Ghost.controller using Guid(ce55e725f77dd3e4cb34fc55fcff990a) Importer(815301076,1909f56bfc062723c751e8b465ee728b)  -> (artifact id: '15f4713d264287c1ad6d944479e1fe16') in 0.014167 seconds 
